<?xml version="1.0" encoding="UTF-8"?>
<!-- Generated by org.testng.reporters.JUnitReportReporter -->
<testsuite hostname="PP-IN-LAP-193" failures="0" tests="3" name="com.glams.qa.testcases.LoginPageTest" time="12.070" errors="0" timestamp="17 Oct 2024 00:54:52 GMT" skipped="0">
  <testcase classname="com.glams.qa.testcases.LoginPageTest" name="loginPageTitleTest" time="2.816"/>
  <testcase classname="com.glams.qa.testcases.LoginPageTest" name="GLAMSLogoTest" time="4.199"/>
  <testcase classname="com.glams.qa.testcases.LoginPageTest" name="loginTest" time="5.055"/>
</testsuite> <!-- com.glams.qa.testcases.LoginPageTest -->
